\BOOKMARK [1][-]{section.1}{\376\377\000Z\000a\000d\000\341\000n\000\355}{}% 1
\BOOKMARK [1][-]{section.2}{\376\377\000A\000n\000a\000l\000\375\000z\000a\000\040\000\372\000l\000o\000h\000y}{}% 2
\BOOKMARK [2][-]{subsection.2.1}{\376\377\000Z\000\341\000k\000l\000a\000d\000n\000\355\000\040\000o\000p\000e\000r\000a\000c\000e}{section.2}% 3
\BOOKMARK [2][-]{subsection.2.2}{\376\377\000R\000o\000z\001\141\000\355\001\131\000e\000n\000\351\000\040\000o\000p\000e\000r\000a\000c\000e}{section.2}% 4
\BOOKMARK [2][-]{subsection.2.3}{\376\377\000H\000o\000d\000n\000o\000c\000e\000n\000\355\000\040\000a\000\040\000o\001\015\000e\000k\000\341\000v\000a\000n\000\351\000\040\000v\000\375\000s\000l\000e\000d\000k\000y}{section.2}% 5
\BOOKMARK [2][-]{subsection.2.4}{\376\377\000F\000u\000n\000k\000c\000e\000\040\000F\000A\000T\000\040\000t\000a\000b\000u\000l\000k\000y}{section.2}% 6
\BOOKMARK [2][-]{subsection.2.5}{\376\377\000V\000l\000a\000s\000t\000n\000o\000s\000t\000i\000\040\000F\000A\000T\000\040\000t\000a\000b\000u\000l\000k\000y\000\040\000v\000\040\000s\000y\000s\000t\000\351\000m\000u}{section.2}% 7
\BOOKMARK [2][-]{subsection.2.6}{\376\377\000S\000p\000r\000\341\000v\000a\000\040\000p\000o\001\141\000k\000o\000z\000e\000n\000\355\000\040\000a\000\040\000k\000o\000n\000t\000r\000o\000l\000a\000\040\000i\000n\000t\000e\000g\000r\000i\000t\000y}{section.2}% 8
\BOOKMARK [2][-]{subsection.2.7}{\376\377\000I\000l\000u\000s\000t\000r\000a\000c\000e\000\040\000f\000u\000n\000k\001\015\000n\000o\000s\000t\000i}{section.2}% 9
\BOOKMARK [1][-]{section.3}{\376\377\000I\000m\000p\000l\000e\000m\000e\000n\000t\000a\000c\000e\000\040\000s\000y\000s\000t\000\351\000m\000u\000\040\000P\000s\000e\000u\000d\000o\000F\000A\000T}{}% 10
\BOOKMARK [2][-]{subsection.3.1}{\376\377\000I\000n\000i\000c\000i\000a\000l\000i\000z\000a\000c\000e\000\040\000s\000y\000s\000t\000\351\000m\000u}{section.3}% 11
\BOOKMARK [2][-]{subsection.3.2}{\376\377\000F\000o\000r\000m\000\341\000t\000o\000v\000\341\000n\000\355\000\040\000d\000i\000s\000k\000u}{section.3}% 12
\BOOKMARK [2][-]{subsection.3.3}{\376\377\000P\000r\000\341\000c\000e\000\040\000s\000\040\000a\000d\000r\000e\000s\000\341\001\131\000i}{section.3}% 13
\BOOKMARK [2][-]{subsection.3.4}{\376\377\000K\000o\000n\000t\000r\000o\000l\000a\000\040\000i\000n\000t\000e\000g\000r\000i\000t\000y\000\040\000s\000y\000s\000t\000\351\000m\000u}{section.3}% 14
\BOOKMARK [2][-]{subsection.3.5}{\376\377\000M\000a\000z\000\341\000n\000\355\000\040\000a\000d\000r\000e\000s\000\341\001\131\001\157}{section.3}% 15
\BOOKMARK [2][-]{subsection.3.6}{\376\377\000P\001\131\000e\000s\000u\000n\000\040\000a\000\040\000k\000o\000p\000\355\000r\000o\000v\000\341\000n\000\355\000\040\000s\000o\000u\000b\000o\000r\001\157}{section.3}% 16
\BOOKMARK [1][-]{section.4}{\376\377\000U\001\176\000i\000v\000a\000t\000e\000l\000s\000k\000\341\000\040\000p\001\131\000\355\000r\000u\001\015\000k\000a}{}% 17
\BOOKMARK [2][-]{subsection.4.1}{\376\377\000P\001\131\000e\000k\000l\000a\000d\000\040\000p\000r\000o\000g\000r\000a\000m\000u}{section.4}% 18
\BOOKMARK [2][-]{subsection.4.2}{\376\377\000S\000p\000u\001\141\000t\001\033\000n\000\355\000\040\000p\000r\000o\000g\000r\000a\000m\000u}{section.4}% 19
\BOOKMARK [3][-]{subsubsection.4.2.1}{\376\377\000N\000o\000v\000\375\000\040\000s\000o\000u\000b\000o\000r\000o\000v\000\375\000\040\000s\000y\000s\000t\000\351\000m}{subsection.4.2}% 20
\BOOKMARK [3][-]{subsubsection.4.2.2}{\376\377\000O\000t\000e\000v\001\131\000e\000n\000\355\000\040\000e\000x\000i\000s\000t\000u\000j\000\355\000c\000\355\000h\000o\000\040\000s\000o\000u\000b\000o\000r\000o\000v\000\351\000h\000o\000\040\000s\000y\000s\000t\000\351\000m\000u}{subsection.4.2}% 21
\BOOKMARK [3][-]{subsubsection.4.2.3}{\376\377\000C\000h\000y\000b\000a\000\040\000s\000o\000u\000b\000o\000r\000o\000v\000\351\000h\000o\000\040\000s\000y\000s\000t\000\351\000m\000u}{subsection.4.2}% 22
\BOOKMARK [2][-]{subsection.4.3}{\376\377\000D\000o\000s\000t\000u\000p\000n\000\351\000\040\000p\001\131\000\355\000k\000a\000z\000y}{section.4}% 23
\BOOKMARK [3][-]{subsubsection.4.3.1}{\376\377\000Z\000\341\000k\000l\000a\000d\000n\000\355\000\040\000p\001\131\000\355\000k\000a\000z\000y}{subsection.4.3}% 24
\BOOKMARK [3][-]{subsubsection.4.3.2}{\376\377\000S\000p\000r\000\341\000v\000a\000\040\000a\000d\000r\000e\000s\000\341\001\131\001\157}{subsection.4.3}% 25
\BOOKMARK [3][-]{subsubsection.4.3.3}{\376\377\000P\000r\000\341\000c\000e\000\040\000s\000e\000\040\000s\000o\000u\000b\000o\000r\000y}{subsection.4.3}% 26
\BOOKMARK [3][-]{subsubsection.4.3.4}{\376\377\000D\000a\000l\001\141\000\355\000\040\000p\001\131\000\355\000k\000a\000z\000y}{subsection.4.3}% 27
\BOOKMARK [2][-]{subsection.4.4}{\376\377\000C\000h\000y\000b\000o\000v\000\341\000\040\000h\000l\000\341\001\141\000e\000n\000\355}{section.4}% 28
\BOOKMARK [1][-]{section.5}{\376\377\000Z\000\341\000v\001\033\000r}{}% 29
